timestamp: 2016-11-18T13:45:17.040000
CREATE TABLE web2py_session_groupthink(
    id INTEGER PRIMARY KEY AUTOINCREMENT,
    locked CHAR(1),
    client_ip CHAR(64),
    created_datetime TIMESTAMP,
    modified_datetime TIMESTAMP,
    unique_key CHAR(64),
    session_data BLOB
);
success!
timestamp: 2016-11-18T13:45:17.132000
CREATE TABLE auth_user(
    id INTEGER PRIMARY KEY AUTOINCREMENT,
    first_name CHAR(128),
    last_name CHAR(128),
    email CHAR(512),
    username CHAR(128),
    password CHAR(512),
    registration_key CHAR(512),
    reset_password_key CHAR(512),
    registration_id CHAR(512),
    phone CHAR(512),
    addtl_info CHAR(512),
    skills TEXT,
    enrolled_courses TEXT,
    coursework TEXT,
    picture CHAR(512),
    picture_file BLOB
);
success!
timestamp: 2016-11-18T13:45:17.210000
CREATE TABLE auth_group(
    id INTEGER PRIMARY KEY AUTOINCREMENT,
    role CHAR(512),
    description TEXT
);
success!
timestamp: 2016-11-18T13:45:17.293000
CREATE TABLE auth_membership(
    id INTEGER PRIMARY KEY AUTOINCREMENT,
    user_id INTEGER REFERENCES auth_user (id) ON DELETE CASCADE  ,
    group_id INTEGER REFERENCES auth_group (id) ON DELETE CASCADE  
);
success!
timestamp: 2016-11-18T13:45:17.377000
CREATE TABLE auth_permission(
    id INTEGER PRIMARY KEY AUTOINCREMENT,
    group_id INTEGER REFERENCES auth_group (id) ON DELETE CASCADE  ,
    name CHAR(512),
    table_name CHAR(512),
    record_id INTEGER
);
success!
timestamp: 2016-11-18T13:45:17.452000
CREATE TABLE auth_event(
    id INTEGER PRIMARY KEY AUTOINCREMENT,
    time_stamp TIMESTAMP,
    client_ip CHAR(512),
    user_id INTEGER REFERENCES auth_user (id) ON DELETE CASCADE  ,
    origin CHAR(512),
    description TEXT
);
success!
timestamp: 2016-11-18T13:45:17.535000
CREATE TABLE auth_cas(
    id INTEGER PRIMARY KEY AUTOINCREMENT,
    user_id INTEGER REFERENCES auth_user (id) ON DELETE CASCADE  ,
    created_on TIMESTAMP,
    service CHAR(512),
    ticket CHAR(512),
    renew CHAR(1)
);
success!
timestamp: 2016-11-18T13:45:17.647000
CREATE TABLE course(
    id INTEGER PRIMARY KEY AUTOINCREMENT,
    course_name CHAR(512),
    course_id CHAR(512) UNIQUE,
    course_info CHAR(512),
    enrolled_students TEXT,
    admin_email CHAR(512),
    term CHAR(512)
);
success!
timestamp: 2016-11-18T13:45:17.736000
CREATE TABLE project(
    id INTEGER PRIMARY KEY AUTOINCREMENT,
    course_id CHAR(512),
    user_email CHAR(512),
    project_name CHAR(512),
    current_members TEXT,
    project_info CHAR(512),
    needed_skills TEXT,
    created_on TIMESTAMP,
    updated_on TIMESTAMP,
    accepting_members CHAR(1)
);
success!
timestamp: 2016-11-19T16:47:17.419000
ALTER TABLE auth_user ADD my_projects TEXT;
success!
